build/app/intermediates/manifest_merge_blame_file/neharishaadiRelease/manifest-merger-blame-neharishaadi-release-report.txt
1<?xml version="1.0" encoding="utf-8"?>
2<manifest xmlns:android="http://schemas.android.com/apk/res/android"
3    package="com.neharishaadi.wedding"
4    android:versionCode="9"
5    android:versionName="1.0.9" >
6
7    <uses-sdk
8        android:minSdkVersion="21"
8-->src/main/AndroidManifest.xml
9        android:targetSdkVersion="32" />
9-->src/main/AndroidManifest.xml
10
11    <uses-permission android:name="android.permission.INTERNET" />
11-->src/main/AndroidManifest.xml:4:5-67
11-->src/main/AndroidManifest.xml:4:22-64
12    <uses-permission android:name="android.permission.CAMERA" />
12-->src/main/AndroidManifest.xml:5:5-65
12-->src/main/AndroidManifest.xml:5:22-62
13    <uses-permission android:name="android.permission.ACCESS_NETWORK_STATE" />
13-->src/main/AndroidManifest.xml:6:5-78
13-->src/main/AndroidManifest.xml:6:22-76
14    <uses-permission android:name="android.permission.WRITE_EXTERNAL_STORAGE" />
14-->src/main/AndroidManifest.xml:8:5-81
14-->src/main/AndroidManifest.xml:8:22-78
15    <uses-permission android:name="android.permission.REQUEST_INSTALL_PACKAGES" />
15-->src/main/AndroidManifest.xml:9:5-83
15-->src/main/AndroidManifest.xml:9:22-80
16    <uses-permission android:name="android.permission.QUERY_ALL_PACKAGES" />
16-->src/main/AndroidManifest.xml:10:5-77
16-->src/main/AndroidManifest.xml:10:22-74
17    <uses-permission android:name="android.permission.READ_EXTERNAL_STORAGE" />
17-->src/main/AndroidManifest.xml:11:5-79
17-->src/main/AndroidManifest.xml:11:22-77
18    <uses-permission android:name="android.permission.WAKE_LOCK" />
18-->[:firebase_messaging] AndroidManifest.xml:8:5-68
18-->[:firebase_messaging] AndroidManifest.xml:8:22-65
19    <uses-permission android:name="android.permission.RECEIVE_BOOT_COMPLETED" />
19-->[:flutter_local_notifications] AndroidManifest.xml:7:5-81
19-->[:flutter_local_notifications] AndroidManifest.xml:7:22-78
20    <uses-permission android:name="android.permission.VIBRATE" />
20-->[:flutter_local_notifications] AndroidManifest.xml:8:5-66
20-->[:flutter_local_notifications] AndroidManifest.xml:8:22-63
21    <uses-permission android:name="android.permission.USE_FULL_SCREEN_INTENT" />
21-->[:flutter_local_notifications] AndroidManifest.xml:9:5-81
21-->[:flutter_local_notifications] AndroidManifest.xml:9:22-78
22    <uses-permission android:name="android.permission.SCHEDULE_EXACT_ALARM" />
22-->[:flutter_local_notifications] AndroidManifest.xml:10:5-79
22-->[:flutter_local_notifications] AndroidManifest.xml:10:22-76
23    <uses-permission android:name="android.permission.POST_NOTIFICATIONS" />
23-->[:flutter_local_notifications] AndroidManifest.xml:11:5-77
23-->[:flutter_local_notifications] AndroidManifest.xml:11:22-74
24
25    <queries>
25-->[:file_picker] AndroidManifest.xml:9:5-15:15
26        <intent>
26-->[:file_picker] AndroidManifest.xml:10:9-14:18
27            <action android:name="android.intent.action.GET_CONTENT" />
27-->[:file_picker] AndroidManifest.xml:11:13-72
27-->[:file_picker] AndroidManifest.xml:11:21-69
28
29            <data android:mimeType="*/*" />
29-->[:file_picker] AndroidManifest.xml:13:13-44
29-->[:file_picker] AndroidManifest.xml:13:19-41
30        </intent>
31        <intent>
31-->[:flutter_inappwebview] AndroidManifest.xml:8:9-10:18
32            <action android:name="android.support.customtabs.action.CustomTabsService" />
32-->[:flutter_inappwebview] AndroidManifest.xml:9:13-90
32-->[:flutter_inappwebview] AndroidManifest.xml:9:21-87
33        </intent>
34    </queries> <!-- Required by older versions of Google Play services to create IID tokens -->
35    <uses-permission android:name="com.google.android.c2dm.permission.RECEIVE" />
35-->[com.google.firebase:firebase-messaging:23.0.8] AndroidManifest.xml:29:5-82
35-->[com.google.firebase:firebase-messaging:23.0.8] AndroidManifest.xml:29:22-79
36    <uses-permission android:name="com.google.android.gms.permission.AD_ID" />
36-->[com.google.android.gms:play-services-measurement-api:21.1.1] AndroidManifest.xml:25:5-79
36-->[com.google.android.gms:play-services-measurement-api:21.1.1] AndroidManifest.xml:25:22-76
37    <uses-permission android:name="com.google.android.finsky.permission.BIND_GET_INSTALL_REFERRER_SERVICE" />
37-->[com.google.android.gms:play-services-measurement:21.1.1] AndroidManifest.xml:26:5-110
37-->[com.google.android.gms:play-services-measurement:21.1.1] AndroidManifest.xml:26:22-107
38
39    <application
39-->src/main/AndroidManifest.xml:13:5-60:19
40        android:appComponentFactory="androidx.core.app.CoreComponentFactory"
40-->[androidx.core:core:1.8.0] AndroidManifest.xml:24:18-86
41        android:icon="@mipmap/ic_launcher"
41-->src/main/AndroidManifest.xml:14:9-43
42        android:label="@string/app_name"
42-->src/main/AndroidManifest.xml:16:9-41
43        android:requestLegacyExternalStorage="true" >
43-->src/main/AndroidManifest.xml:15:9-52
44        <activity
44-->src/main/AndroidManifest.xml:17:9-49:20
45            android:name="com.neharishaadi.wedding.MainActivity"
45-->src/main/AndroidManifest.xml:18:13-41
46            android:configChanges="orientation|keyboardHidden|keyboard|screenSize|smallestScreenSize|locale|layoutDirection|fontScale|screenLayout|density|uiMode"
46-->src/main/AndroidManifest.xml:19:13-163
47            android:exported="true"
47-->src/main/AndroidManifest.xml:25:13-36
48            android:hardwareAccelerated="true"
48-->src/main/AndroidManifest.xml:20:13-47
49            android:launchMode="singleTop"
49-->src/main/AndroidManifest.xml:21:13-43
50            android:requestLegacyExternalStorage="true"
50-->src/main/AndroidManifest.xml:23:13-56
51            android:theme="@style/LaunchTheme"
51-->src/main/AndroidManifest.xml:22:13-47
52            android:usesCleartextTraffic="true"
52-->src/main/AndroidManifest.xml:24:13-48
53            android:windowSoftInputMode="adjustResize" >
53-->src/main/AndroidManifest.xml:26:13-55
54
55            <!--
56                 Specifies an Android theme to apply to this Activity as soon as
57                 the Android process has started. This theme is visible to the user
58                 while the Flutter UI initializes. After that, this theme continues
59                 to determine the Window background behind the Flutter UI.
60            -->
61            <meta-data
61-->src/main/AndroidManifest.xml:31:13-33:57
62                android:name="io.flutter.embedding.android.NormalTheme"
62-->src/main/AndroidManifest.xml:32:17-72
63                android:resource="@style/NormalTheme" />
63-->src/main/AndroidManifest.xml:33:17-54
64            <!--
65                 Displays an Android View that continues showing the launch screen
66                 Drawable until Flutter paints its first frame, then this splash
67                 screen fades out. A splash screen is useful to avoid any visual
68                 gap between the end of Android's launch screen and the painting of
69                 Flutter's first frame.
70            -->
71
72            <meta-data
72-->src/main/AndroidManifest.xml:40:13-42:66
73                android:name="io.flutter.embedding.android.SplashScreenDrawable"
73-->src/main/AndroidManifest.xml:41:17-81
74                android:resource="@drawable/launch_background" />
74-->src/main/AndroidManifest.xml:42:17-63
75
76            <intent-filter>
76-->src/main/AndroidManifest.xml:43:13-46:29
77                <action android:name="android.intent.action.MAIN" />
77-->src/main/AndroidManifest.xml:44:17-69
77-->src/main/AndroidManifest.xml:44:25-66
78
79                <category android:name="android.intent.category.LAUNCHER" />
79-->src/main/AndroidManifest.xml:45:17-77
79-->src/main/AndroidManifest.xml:45:27-74
80            </intent-filter>
81        </activity>
82        <activity
82-->src/main/AndroidManifest.xml:51:9-54:72
83            android:name="com.yalantis.ucrop.UCropActivity"
83-->src/main/AndroidManifest.xml:52:13-60
84            android:screenOrientation="portrait"
84-->src/main/AndroidManifest.xml:53:13-49
85            android:theme="@style/Theme.AppCompat.Light.NoActionBar" />
85-->src/main/AndroidManifest.xml:54:13-69
86        <!--
87             Don't delete the meta-data below.
88             This is used by the Flutter tool to generate GeneratedPluginRegistrant.java
89        -->
90        <meta-data
90-->src/main/AndroidManifest.xml:57:9-59:33
91            android:name="flutterEmbedding"
91-->src/main/AndroidManifest.xml:58:13-44
92            android:value="2" />
92-->src/main/AndroidManifest.xml:59:13-30
93
94        <service
94-->[:firebase_messaging] AndroidManifest.xml:12:9-15:72
95            android:name="io.flutter.plugins.firebase.messaging.FlutterFirebaseMessagingBackgroundService"
95-->[:firebase_messaging] AndroidManifest.xml:13:13-107
96            android:exported="false"
96-->[:firebase_messaging] AndroidManifest.xml:14:13-37
97            android:permission="android.permission.BIND_JOB_SERVICE" />
97-->[:firebase_messaging] AndroidManifest.xml:15:13-69
98        <service
98-->[:firebase_messaging] AndroidManifest.xml:16:9-22:19
99            android:name="io.flutter.plugins.firebase.messaging.FlutterFirebaseMessagingService"
99-->[:firebase_messaging] AndroidManifest.xml:17:13-97
100            android:exported="false" >
100-->[:firebase_messaging] AndroidManifest.xml:18:13-37
101            <intent-filter>
101-->[:firebase_messaging] AndroidManifest.xml:19:13-21:29
102                <action android:name="com.google.firebase.MESSAGING_EVENT" />
102-->[:firebase_messaging] AndroidManifest.xml:20:17-78
102-->[:firebase_messaging] AndroidManifest.xml:20:25-75
103            </intent-filter>
104        </service>
105
106        <receiver
106-->[:firebase_messaging] AndroidManifest.xml:24:9-31:20
107            android:name="io.flutter.plugins.firebase.messaging.FlutterFirebaseMessagingReceiver"
107-->[:firebase_messaging] AndroidManifest.xml:25:13-98
108            android:exported="true"
108-->[:firebase_messaging] AndroidManifest.xml:26:13-36
109            android:permission="com.google.android.c2dm.permission.SEND" >
109-->[:firebase_messaging] AndroidManifest.xml:27:13-73
110            <intent-filter>
110-->[:firebase_messaging] AndroidManifest.xml:28:13-30:29
111                <action android:name="com.google.android.c2dm.intent.RECEIVE" />
111-->[:firebase_messaging] AndroidManifest.xml:29:17-81
111-->[:firebase_messaging] AndroidManifest.xml:29:25-78
112            </intent-filter>
113        </receiver>
114
115        <service
115-->[:firebase_messaging] AndroidManifest.xml:33:9-37:19
116            android:name="com.google.firebase.components.ComponentDiscoveryService"
116-->[:firebase_messaging] AndroidManifest.xml:33:18-89
117            android:directBootAware="true"
117-->[com.google.firebase:firebase-common:20.1.2] AndroidManifest.xml:35:13-43
118            android:exported="false" >
118-->[com.google.firebase:firebase-analytics-ktx:21.1.1] AndroidManifest.xml:10:13-37
119            <meta-data
119-->[:firebase_messaging] AndroidManifest.xml:34:13-36:85
120                android:name="com.google.firebase.components:io.flutter.plugins.firebase.messaging.FlutterFirebaseAppRegistrar"
120-->[:firebase_messaging] AndroidManifest.xml:35:17-128
121                android:value="com.google.firebase.components.ComponentRegistrar" />
121-->[:firebase_messaging] AndroidManifest.xml:36:17-82
122            <meta-data
122-->[:firebase_analytics] AndroidManifest.xml:13:13-15:85
123                android:name="com.google.firebase.components:io.flutter.plugins.firebaseanalytics.FlutterFirebaseAppRegistrar"
123-->[:firebase_analytics] AndroidManifest.xml:14:17-127
124                android:value="com.google.firebase.components.ComponentRegistrar" />
124-->[:firebase_analytics] AndroidManifest.xml:15:17-82
125            <meta-data
125-->[:firebase_core] AndroidManifest.xml:9:13-11:85
126                android:name="com.google.firebase.components:io.flutter.plugins.firebase.core.FlutterFirebaseCoreRegistrar"
126-->[:firebase_core] AndroidManifest.xml:10:17-124
127                android:value="com.google.firebase.components.ComponentRegistrar" />
127-->[:firebase_core] AndroidManifest.xml:11:17-82
128            <meta-data
128-->[com.google.firebase:firebase-analytics-ktx:21.1.1] AndroidManifest.xml:11:13-13:85
129                android:name="com.google.firebase.components:com.google.firebase.analytics.ktx.FirebaseAnalyticsKtxRegistrar"
129-->[com.google.firebase:firebase-analytics-ktx:21.1.1] AndroidManifest.xml:12:17-126
130                android:value="com.google.firebase.components.ComponentRegistrar" />
130-->[com.google.firebase:firebase-analytics-ktx:21.1.1] AndroidManifest.xml:13:17-82
131            <meta-data
131-->[com.google.firebase:firebase-messaging:23.0.8] AndroidManifest.xml:56:13-58:85
132                android:name="com.google.firebase.components:com.google.firebase.messaging.FirebaseMessagingRegistrar"
132-->[com.google.firebase:firebase-messaging:23.0.8] AndroidManifest.xml:57:17-119
133                android:value="com.google.firebase.components.ComponentRegistrar" />
133-->[com.google.firebase:firebase-messaging:23.0.8] AndroidManifest.xml:58:17-82
134            <meta-data
134-->[com.google.firebase:firebase-common-ktx:20.1.2] AndroidManifest.xml:15:13-17:85
135                android:name="com.google.firebase.components:com.google.firebase.ktx.FirebaseCommonKtxRegistrar"
135-->[com.google.firebase:firebase-common-ktx:20.1.2] AndroidManifest.xml:16:17-113
136                android:value="com.google.firebase.components.ComponentRegistrar" />
136-->[com.google.firebase:firebase-common-ktx:20.1.2] AndroidManifest.xml:17:17-82
137            <meta-data
137-->[com.google.firebase:firebase-datatransport:18.1.6] AndroidManifest.xml:28:13-30:85
138                android:name="com.google.firebase.components:com.google.firebase.datatransport.TransportRegistrar"
138-->[com.google.firebase:firebase-datatransport:18.1.6] AndroidManifest.xml:29:17-115
139                android:value="com.google.firebase.components.ComponentRegistrar" />
139-->[com.google.firebase:firebase-datatransport:18.1.6] AndroidManifest.xml:30:17-82
140            <meta-data
140-->[com.google.android.gms:play-services-measurement-api:21.1.1] AndroidManifest.xml:31:13-33:85
141                android:name="com.google.firebase.components:com.google.firebase.analytics.connector.internal.AnalyticsConnectorRegistrar"
141-->[com.google.android.gms:play-services-measurement-api:21.1.1] AndroidManifest.xml:32:17-139
142                android:value="com.google.firebase.components.ComponentRegistrar" />
142-->[com.google.android.gms:play-services-measurement-api:21.1.1] AndroidManifest.xml:33:17-82
143            <meta-data
143-->[com.google.firebase:firebase-installations:17.0.3] AndroidManifest.xml:18:13-20:85
144                android:name="com.google.firebase.components:com.google.firebase.installations.FirebaseInstallationsRegistrar"
144-->[com.google.firebase:firebase-installations:17.0.3] AndroidManifest.xml:19:17-127
145                android:value="com.google.firebase.components.ComponentRegistrar" />
145-->[com.google.firebase:firebase-installations:17.0.3] AndroidManifest.xml:20:17-82
146        </service>
147
148        <provider
148-->[:firebase_messaging] AndroidManifest.xml:39:9-43:38
149            android:name="io.flutter.plugins.firebase.messaging.FlutterFirebaseMessagingInitProvider"
149-->[:firebase_messaging] AndroidManifest.xml:40:13-102
150            android:authorities="com.neharishaadi.wedding.flutterfirebasemessaginginitprovider"
150-->[:firebase_messaging] AndroidManifest.xml:41:13-88
151            android:exported="false"
151-->[:firebase_messaging] AndroidManifest.xml:42:13-37
152            android:initOrder="99" />
152-->[:firebase_messaging] AndroidManifest.xml:43:13-35
153        <provider
153-->[:image_picker] AndroidManifest.xml:8:9-16:20
154            android:name="io.flutter.plugins.imagepicker.ImagePickerFileProvider"
154-->[:image_picker] AndroidManifest.xml:9:13-82
155            android:authorities="com.neharishaadi.wedding.flutter.image_provider"
155-->[:image_picker] AndroidManifest.xml:10:13-74
156            android:exported="false"
156-->[:image_picker] AndroidManifest.xml:11:13-37
157            android:grantUriPermissions="true" >
157-->[:image_picker] AndroidManifest.xml:12:13-47
158            <meta-data
158-->[:image_picker] AndroidManifest.xml:13:13-15:75
159                android:name="android.support.FILE_PROVIDER_PATHS"
159-->[:image_picker] AndroidManifest.xml:14:17-67
160                android:resource="@xml/flutter_image_picker_file_paths" />
160-->[:image_picker] AndroidManifest.xml:15:17-72
161        </provider>
162
163        <receiver
163-->[:flutter_local_notifications] AndroidManifest.xml:14:9-16:40
164            android:name="com.dexterous.flutterlocalnotifications.ScheduledNotificationReceiver"
164-->[:flutter_local_notifications] AndroidManifest.xml:15:13-97
165            android:exported="false" />
165-->[:flutter_local_notifications] AndroidManifest.xml:16:13-37
166        <receiver
166-->[:flutter_local_notifications] AndroidManifest.xml:17:9-26:20
167            android:name="com.dexterous.flutterlocalnotifications.ScheduledNotificationBootReceiver"
167-->[:flutter_local_notifications] AndroidManifest.xml:18:13-101
168            android:exported="false" >
168-->[:flutter_local_notifications] AndroidManifest.xml:19:13-37
169            <intent-filter>
169-->[:flutter_local_notifications] AndroidManifest.xml:20:13-25:29
170                <action android:name="android.intent.action.BOOT_COMPLETED" />
170-->[:flutter_local_notifications] AndroidManifest.xml:21:17-79
170-->[:flutter_local_notifications] AndroidManifest.xml:21:25-76
171                <action android:name="android.intent.action.MY_PACKAGE_REPLACED" />
171-->[:flutter_local_notifications] AndroidManifest.xml:22:17-84
171-->[:flutter_local_notifications] AndroidManifest.xml:22:25-81
172                <action android:name="android.intent.action.QUICKBOOT_POWERON" />
172-->[:flutter_local_notifications] AndroidManifest.xml:23:17-82
172-->[:flutter_local_notifications] AndroidManifest.xml:23:25-79
173                <action android:name="com.htc.intent.action.QUICKBOOT_POWERON" />
173-->[:flutter_local_notifications] AndroidManifest.xml:24:17-82
173-->[:flutter_local_notifications] AndroidManifest.xml:24:25-79
174            </intent-filter>
175        </receiver>
176
177        <activity
177-->[:flutter_inappwebview] AndroidManifest.xml:14:9-18:47
178            android:name="com.pichillilorenzo.flutter_inappwebview.in_app_browser.InAppBrowserActivity"
178-->[:flutter_inappwebview] AndroidManifest.xml:15:13-104
179            android:configChanges="orientation|keyboardHidden|keyboard|screenSize|locale|layoutDirection|fontScale|screenLayout|density"
179-->[:flutter_inappwebview] AndroidManifest.xml:16:13-137
180            android:exported="false"
180-->[:flutter_inappwebview] AndroidManifest.xml:17:13-37
181            android:theme="@style/AppTheme" />
181-->[:flutter_inappwebview] AndroidManifest.xml:18:13-44
182        <activity
182-->[:flutter_inappwebview] AndroidManifest.xml:19:9-22:55
183            android:name="com.pichillilorenzo.flutter_inappwebview.chrome_custom_tabs.ChromeCustomTabsActivity"
183-->[:flutter_inappwebview] AndroidManifest.xml:20:13-112
184            android:exported="false"
184-->[:flutter_inappwebview] AndroidManifest.xml:21:13-37
185            android:theme="@style/ThemeTransparent" />
185-->[:flutter_inappwebview] AndroidManifest.xml:22:13-52
186        <activity
186-->[:flutter_inappwebview] AndroidManifest.xml:23:9-26:55
187            android:name="com.pichillilorenzo.flutter_inappwebview.chrome_custom_tabs.TrustedWebActivity"
187-->[:flutter_inappwebview] AndroidManifest.xml:24:13-106
188            android:exported="false"
188-->[:flutter_inappwebview] AndroidManifest.xml:25:13-37
189            android:theme="@style/ThemeTransparent" />
189-->[:flutter_inappwebview] AndroidManifest.xml:26:13-52
190        <activity
190-->[:flutter_inappwebview] AndroidManifest.xml:27:9-31:55
191            android:name="com.pichillilorenzo.flutter_inappwebview.chrome_custom_tabs.ChromeCustomTabsActivitySingleInstance"
191-->[:flutter_inappwebview] AndroidManifest.xml:28:13-126
192            android:exported="false"
192-->[:flutter_inappwebview] AndroidManifest.xml:29:13-37
193            android:launchMode="singleInstance"
193-->[:flutter_inappwebview] AndroidManifest.xml:30:13-48
194            android:theme="@style/ThemeTransparent" />
194-->[:flutter_inappwebview] AndroidManifest.xml:31:13-52
195        <activity
195-->[:flutter_inappwebview] AndroidManifest.xml:32:9-36:55
196            android:name="com.pichillilorenzo.flutter_inappwebview.chrome_custom_tabs.TrustedWebActivitySingleInstance"
196-->[:flutter_inappwebview] AndroidManifest.xml:33:13-120
197            android:exported="false"
197-->[:flutter_inappwebview] AndroidManifest.xml:34:13-37
198            android:launchMode="singleInstance"
198-->[:flutter_inappwebview] AndroidManifest.xml:35:13-48
199            android:theme="@style/ThemeTransparent" />
199-->[:flutter_inappwebview] AndroidManifest.xml:36:13-52
200
201        <receiver
201-->[:flutter_inappwebview] AndroidManifest.xml:38:9-41:40
202            android:name="com.pichillilorenzo.flutter_inappwebview.chrome_custom_tabs.ActionBroadcastReceiver"
202-->[:flutter_inappwebview] AndroidManifest.xml:39:13-111
203            android:enabled="true"
203-->[:flutter_inappwebview] AndroidManifest.xml:40:13-35
204            android:exported="false" />
204-->[:flutter_inappwebview] AndroidManifest.xml:41:13-37
205
206        <meta-data
206-->[:flutter_inappwebview] AndroidManifest.xml:43:9-45:36
207            android:name="io.flutter.embedded_views_preview"
207-->[:flutter_inappwebview] AndroidManifest.xml:44:13-61
208            android:value="true" />
208-->[:flutter_inappwebview] AndroidManifest.xml:45:13-33
209
210        <activity
210-->[:url_launcher_android] AndroidManifest.xml:8:9-11:74
211            android:name="io.flutter.plugins.urllauncher.WebViewActivity"
211-->[:url_launcher_android] AndroidManifest.xml:9:13-74
212            android:exported="false"
212-->[:url_launcher_android] AndroidManifest.xml:10:13-37
213            android:theme="@android:style/Theme.NoTitleBar.Fullscreen" />
213-->[:url_launcher_android] AndroidManifest.xml:11:13-71
214
215        <uses-library
215-->[androidx.window:window:1.0.0-beta04] AndroidManifest.xml:25:9-27:40
216            android:name="androidx.window.extensions"
216-->[androidx.window:window:1.0.0-beta04] AndroidManifest.xml:26:13-54
217            android:required="false" />
217-->[androidx.window:window:1.0.0-beta04] AndroidManifest.xml:27:13-37
218        <uses-library
218-->[androidx.window:window:1.0.0-beta04] AndroidManifest.xml:28:9-30:40
219            android:name="androidx.window.sidecar"
219-->[androidx.window:window:1.0.0-beta04] AndroidManifest.xml:29:13-51
220            android:required="false" />
220-->[androidx.window:window:1.0.0-beta04] AndroidManifest.xml:30:13-37
221
222        <receiver
222-->[com.google.firebase:firebase-messaging:23.0.8] AndroidManifest.xml:32:9-39:20
223            android:name="com.google.firebase.iid.FirebaseInstanceIdReceiver"
223-->[com.google.firebase:firebase-messaging:23.0.8] AndroidManifest.xml:33:13-78
224            android:exported="true"
224-->[com.google.firebase:firebase-messaging:23.0.8] AndroidManifest.xml:34:13-36
225            android:permission="com.google.android.c2dm.permission.SEND" >
225-->[com.google.firebase:firebase-messaging:23.0.8] AndroidManifest.xml:35:13-73
226            <intent-filter>
226-->[:firebase_messaging] AndroidManifest.xml:28:13-30:29
227                <action android:name="com.google.android.c2dm.intent.RECEIVE" />
227-->[:firebase_messaging] AndroidManifest.xml:29:17-81
227-->[:firebase_messaging] AndroidManifest.xml:29:25-78
228            </intent-filter>
229        </receiver>
230        <!--
231             FirebaseMessagingService performs security checks at runtime,
232             but set to not exported to explicitly avoid allowing another app to call it.
233        -->
234        <service
234-->[com.google.firebase:firebase-messaging:23.0.8] AndroidManifest.xml:45:9-52:19
235            android:name="com.google.firebase.messaging.FirebaseMessagingService"
235-->[com.google.firebase:firebase-messaging:23.0.8] AndroidManifest.xml:46:13-82
236            android:directBootAware="true"
236-->[com.google.firebase:firebase-messaging:23.0.8] AndroidManifest.xml:47:13-43
237            android:exported="false" >
237-->[com.google.firebase:firebase-messaging:23.0.8] AndroidManifest.xml:48:13-37
238            <intent-filter android:priority="-500" >
238-->[:firebase_messaging] AndroidManifest.xml:19:13-21:29
239                <action android:name="com.google.firebase.MESSAGING_EVENT" />
239-->[:firebase_messaging] AndroidManifest.xml:20:17-78
239-->[:firebase_messaging] AndroidManifest.xml:20:25-75
240            </intent-filter>
241        </service>
242
243        <provider
243-->[com.google.firebase:firebase-common:20.1.2] AndroidManifest.xml:26:9-31:39
244            android:name="com.google.firebase.provider.FirebaseInitProvider"
244-->[com.google.firebase:firebase-common:20.1.2] AndroidManifest.xml:27:13-77
245            android:authorities="com.neharishaadi.wedding.firebaseinitprovider"
245-->[com.google.firebase:firebase-common:20.1.2] AndroidManifest.xml:28:13-72
246            android:directBootAware="true"
246-->[com.google.firebase:firebase-common:20.1.2] AndroidManifest.xml:29:13-43
247            android:exported="false"
247-->[com.google.firebase:firebase-common:20.1.2] AndroidManifest.xml:30:13-37
248            android:initOrder="100" />
248-->[com.google.firebase:firebase-common:20.1.2] AndroidManifest.xml:31:13-36
249
250        <activity
250-->[com.google.android.gms:play-services-base:18.0.1] AndroidManifest.xml:20:9-22:45
251            android:name="com.google.android.gms.common.api.GoogleApiActivity"
251-->[com.google.android.gms:play-services-base:18.0.1] AndroidManifest.xml:20:19-85
252            android:exported="false"
252-->[com.google.android.gms:play-services-base:18.0.1] AndroidManifest.xml:22:19-43
253            android:theme="@android:style/Theme.Translucent.NoTitleBar" />
253-->[com.google.android.gms:play-services-base:18.0.1] AndroidManifest.xml:21:19-78
254
255        <receiver
255-->[com.google.android.gms:play-services-measurement:21.1.1] AndroidManifest.xml:29:9-33:20
256            android:name="com.google.android.gms.measurement.AppMeasurementReceiver"
256-->[com.google.android.gms:play-services-measurement:21.1.1] AndroidManifest.xml:30:13-85
257            android:enabled="true"
257-->[com.google.android.gms:play-services-measurement:21.1.1] AndroidManifest.xml:31:13-35
258            android:exported="false" >
258-->[com.google.android.gms:play-services-measurement:21.1.1] AndroidManifest.xml:32:13-37
259        </receiver>
260
261        <service
261-->[com.google.android.gms:play-services-measurement:21.1.1] AndroidManifest.xml:35:9-38:40
262            android:name="com.google.android.gms.measurement.AppMeasurementService"
262-->[com.google.android.gms:play-services-measurement:21.1.1] AndroidManifest.xml:36:13-84
263            android:enabled="true"
263-->[com.google.android.gms:play-services-measurement:21.1.1] AndroidManifest.xml:37:13-35
264            android:exported="false" />
264-->[com.google.android.gms:play-services-measurement:21.1.1] AndroidManifest.xml:38:13-37
265        <service
265-->[com.google.android.gms:play-services-measurement:21.1.1] AndroidManifest.xml:39:9-43:72
266            android:name="com.google.android.gms.measurement.AppMeasurementJobService"
266-->[com.google.android.gms:play-services-measurement:21.1.1] AndroidManifest.xml:40:13-87
267            android:enabled="true"
267-->[com.google.android.gms:play-services-measurement:21.1.1] AndroidManifest.xml:41:13-35
268            android:exported="false"
268-->[com.google.android.gms:play-services-measurement:21.1.1] AndroidManifest.xml:42:13-37
269            android:permission="android.permission.BIND_JOB_SERVICE" />
269-->[com.google.android.gms:play-services-measurement:21.1.1] AndroidManifest.xml:43:13-69
270
271        <meta-data
271-->[com.google.android.gms:play-services-basement:18.1.0] AndroidManifest.xml:21:9-23:69
272            android:name="com.google.android.gms.version"
272-->[com.google.android.gms:play-services-basement:18.1.0] AndroidManifest.xml:22:13-58
273            android:value="@integer/google_play_services_version" />
273-->[com.google.android.gms:play-services-basement:18.1.0] AndroidManifest.xml:23:13-66
274
275        <service
275-->[com.google.android.datatransport:transport-backend-cct:3.1.7] AndroidManifest.xml:29:9-35:19
276            android:name="com.google.android.datatransport.runtime.backends.TransportBackendDiscovery"
276-->[com.google.android.datatransport:transport-backend-cct:3.1.7] AndroidManifest.xml:30:13-103
277            android:exported="false" >
277-->[com.google.android.datatransport:transport-backend-cct:3.1.7] AndroidManifest.xml:31:13-37
278            <meta-data
278-->[com.google.android.datatransport:transport-backend-cct:3.1.7] AndroidManifest.xml:32:13-34:39
279                android:name="backend:com.google.android.datatransport.cct.CctBackendFactory"
279-->[com.google.android.datatransport:transport-backend-cct:3.1.7] AndroidManifest.xml:33:17-94
280                android:value="cct" />
280-->[com.google.android.datatransport:transport-backend-cct:3.1.7] AndroidManifest.xml:34:17-36
281        </service>
282        <service
282-->[com.google.android.datatransport:transport-runtime:3.1.7] AndroidManifest.xml:26:9-30:19